<?xml version="1.0" encoding="UTF-8"?>
<coverage generated="1571145236983" clover="3.2.0">
  <project timestamp="1571145236983" name="All files">
    <metrics statements="28" coveredstatements="8" conditionals="2" coveredconditionals="0" methods="8" coveredmethods="1" elements="38" coveredelements="9" complexity="0" loc="28" ncloc="28" packages="1" files="1" classes="1"/>
    <file name="index.ts" path="/Users/admin/botmock-js/src/index.ts">
      <metrics statements="28" coveredstatements="8" conditionals="2" coveredconditionals="0" methods="8" coveredmethods="1"/>
      <line num="1" count="1" type="stmt"/>
      <line num="2" count="1" type="stmt"/>
      <line num="17" count="1" type="stmt"/>
      <line num="19" count="1" type="stmt"/>
      <line num="20" count="1" type="stmt"/>
      <line num="22" count="1" type="stmt"/>
      <line num="27" count="1" type="stmt"/>
      <line num="28" count="1" type="stmt"/>
      <line num="36" count="0" type="stmt"/>
      <line num="37" count="0" type="stmt"/>
      <line num="41" count="0" type="stmt"/>
      <line num="42" count="0" type="cond" truecount="0" falsecount="2"/>
      <line num="43" count="0" type="stmt"/>
      <line num="44" count="0" type="stmt"/>
      <line num="45" count="0" type="stmt"/>
      <line num="47" count="0" type="stmt"/>
      <line num="48" count="0" type="stmt"/>
      <line num="56" count="0" type="stmt"/>
      <line num="57" count="0" type="stmt"/>
      <line num="65" count="0" type="stmt"/>
      <line num="73" count="0" type="stmt"/>
      <line num="74" count="0" type="stmt"/>
      <line num="82" count="0" type="stmt"/>
      <line num="83" count="0" type="stmt"/>
      <line num="91" count="0" type="stmt"/>
      <line num="92" count="0" type="stmt"/>
      <line num="100" count="0" type="stmt"/>
      <line num="101" count="0" type="stmt"/>
    </file>
  </project>
</coverage>
