{"/Users/admin/botmock-js/src/index.ts": {"path":"/Users/admin/botmock-js/src/index.ts","statementMap":{"0":{"start":{"line":1,"column":0},"end":{"line":1,"column":47}},"1":{"start":{"line":2,"column":0},"end":{"line":2,"column":38}},"2":{"start":{"line":17,"column":20},"end":{"line":17,"column":49}},"3":{"start":{"line":27,"column":4},"end":{"line":27,"column":12}},"4":{"start":{"line":22,"column":19},"end":{"line":22,"column":44}},"5":{"start":{"line":28,"column":4},"end":{"line":28,"column":30}},"6":{"start":{"line":36,"column":16},"end":{"line":36,"column":44}},"7":{"start":{"line":37,"column":20},"end":{"line":40,"column":6}},"8":{"start":{"line":41,"column":16},"end":{"line":41,"column":68}},"9":{"start":{"line":42,"column":4},"end":{"line":46,"column":null}},"10":{"start":{"line":43,"column":20},"end":{"line":43,"column":59}},"11":{"start":{"line":44,"column":6},"end":{"line":44,"column":46}},"12":{"start":{"line":45,"column":6},"end":{"line":45,"column":19}},"13":{"start":{"line":47,"column":4},"end":{"line":47,"column":62}},"14":{"start":{"line":48,"column":4},"end":{"line":48,"column":28}},"15":{"start":{"line":56,"column":34},"end":{"line":56,"column":37}},"16":{"start":{"line":57,"column":4},"end":{"line":57,"column":69}},"17":{"start":{"line":65,"column":4},"end":{"line":65,"column":47}},"18":{"start":{"line":73,"column":43},"end":{"line":73,"column":46}},"19":{"start":{"line":74,"column":4},"end":{"line":74,"column":87}},"20":{"start":{"line":82,"column":34},"end":{"line":82,"column":37}},"21":{"start":{"line":83,"column":4},"end":{"line":83,"column":77}},"22":{"start":{"line":91,"column":34},"end":{"line":91,"column":37}},"23":{"start":{"line":92,"column":4},"end":{"line":92,"column":79}},"24":{"start":{"line":100,"column":34},"end":{"line":100,"column":37}},"25":{"start":{"line":101,"column":4},"end":{"line":101,"column":78}},"26":{"start":{"line":19,"column":0},"end":{"line":19,"column":21}},"27":{"start":{"line":20,"column":9},"end":{"line":20,"column":27}}},"fnMap":{"0":{"name":"(anonymous_1)","decl":{"start":{"line":26,"column":2},"end":{"line":26,"column":14}},"loc":{"start":{"line":26,"column":28},"end":{"line":29,"column":3}}},"1":{"name":"(anonymous_2)","decl":{"start":{"line":35,"column":10},"end":{"line":35,"column":15}},"loc":{"start":{"line":35,"column":38},"end":{"line":49,"column":3}}},"2":{"name":"(anonymous_3)","decl":{"start":{"line":55,"column":9},"end":{"line":55,"column":14}},"loc":{"start":{"line":55,"column":41},"end":{"line":58,"column":3}}},"3":{"name":"(anonymous_4)","decl":{"start":{"line":64,"column":9},"end":{"line":64,"column":14}},"loc":{"start":{"line":64,"column":37},"end":{"line":66,"column":3}}},"4":{"name":"(anonymous_5)","decl":{"start":{"line":72,"column":9},"end":{"line":72,"column":14}},"loc":{"start":{"line":72,"column":37},"end":{"line":75,"column":3}}},"5":{"name":"(anonymous_6)","decl":{"start":{"line":81,"column":9},"end":{"line":81,"column":14}},"loc":{"start":{"line":81,"column":41},"end":{"line":84,"column":3}}},"6":{"name":"(anonymous_7)","decl":{"start":{"line":90,"column":9},"end":{"line":90,"column":14}},"loc":{"start":{"line":90,"column":43},"end":{"line":93,"column":3}}},"7":{"name":"(anonymous_8)","decl":{"start":{"line":99,"column":9},"end":{"line":99,"column":14}},"loc":{"start":{"line":99,"column":42},"end":{"line":102,"column":3}}}},"branchMap":{"0":{"loc":{"start":{"line":42,"column":4},"end":{"line":46,"column":null}},"type":"if","locations":[{"start":{"line":42,"column":4},"end":{"line":46,"column":null}},{"start":{"line":42,"column":4},"end":{"line":46,"column":null}}]}},"s":{"0":1,"1":1,"2":1,"3":1,"4":1,"5":1,"6":0,"7":0,"8":0,"9":0,"10":0,"11":0,"12":0,"13":0,"14":0,"15":0,"16":0,"17":0,"18":0,"19":0,"20":0,"21":0,"22":0,"23":0,"24":0,"25":0,"26":1,"27":1},"f":{"0":1,"1":0,"2":0,"3":0,"4":0,"5":0,"6":0,"7":0},"b":{"0":[0,0]}}
}
